make all --print-data-base --no-builtin-variables --no-builtin-rules --question
# GNU Make 3.81
# Copyright (C) 2006  Free Software Foundation, Inc.
# This is free software; see the source for copying conditions.
# There is NO warranty; not even for MERCHANTABILITY or FITNESS FOR A
# PARTICULAR PURPOSE.

# This program built for i386-apple-darwin11.3.0
 

# Make data base, printed on Fri Jun 10 12:16:44 2022

# Variables

# automatic
<D = $(patsubst %/,%,$(dir $<))
# automatic
?F = $(notdir $?)
# makefile (from `Makefile', line 7)
RST = \033[0m
# makefile (from `Makefile', line 12)
OBJ = ${SRC:.cpp=.o}
# makefile (from `Makefile', line 9)
SRC = $(shell find ./src -type f -name "*.cpp" | cut -c 3-)
# environment
VSCODE_LOG_NATIVE = false
 
# automatic
?D = $(patsubst %/,%,$(dir $?))
# automatic
@D = $(patsubst %/,%,$(dir $@))
# automatic
@F = $(notdir $@)
# makefile
CURDIR := /Users/kbarbry/Desktop/mon_cursus_a_42/ft_containers
# makefile
SHELL = /bin/sh
# environment
VSCODE_NLS_CONFIG = {"locale":"en-us","availableLanguages":{},"_languagePackSupport":true}
# environment
_ = /usr/bin/make
# makefile (from `Makefile', line 1)
MAKEFILE_LIST :=  Makefile
# environment
VSCODE_VERBOSE_LOGGING = true
# environment
VSCODE_IPC_HOOK_EXTHOST = /var/folders/zz/zyxvpxvq6csfxvn_n000bgph002vxm/T/vscode-ipc-c5a3d103-9ebd-47ab-9d0c-c2f5f771e73a.sock
# environment
VSCODE_CWD = /
# environment
Apple_PubSub_Socket_Render = /private/tmp/com.apple.launchd.HYNuuq34tv/Render
# environment
PATH = /Users/kbarbry/.brew/bin:/usr/local/bin:/usr/bin:/bin:/usr/sbin:/sbin:/usr/local/munki:/opt/X11/bin:/Applications/Visual Studio Code.app/Contents/Resources/app/bin:/Users/kbarbry/.brew/bin
# environment
LSCOLORS = Gxfxcxdxbxegedabagacad
# makefile (from `Makefile', line 2)
BGREEN = \033[1;32m
# environment
VSCODE_LOG_STACK = false
# environment
ELECTRON_RUN_AS_NODE = 1
# default
.FEATURES := target-specific order-only second-expansion else-if archives jobserver check-symlink
# makefile (from `Makefile', line 5)
GRN = \033[0;32m
# environment
SSH_AUTH_SOCK = /private/tmp/com.apple.launchd.q4hSIlHVx5/Listeners
# automatic
%F = $(notdir $%)
# environment
HOMEBREW_TEMP = /tmp/kbarbry/Homebrew/Temp
# environment
DISPLAY = /private/tmp/com.apple.launchd.VSsnp6EoGQ/org.xquartz:0
# environment
VSCODE_PIPE_LOGGING = true
# environment
PWD = /Users/kbarbry/Desktop/mon_cursus_a_42/ft_containers
# environment
ORIGINAL_XDG_CURRENT_DESKTOP = undefined
# makefile (from `Makefile', line 4)
BLU = \033[0;34m
# makefile (from `Makefile', line 1)
BBLU = \033[1;34m
# environment
VSCODE_AMD_ENTRYPOINT = vs/workbench/api/node/extensionHostProcess
# environment
HOME = /Users/kbarbry
# default
MAKEFILEPATH := /Applications/Xcode.app/Contents/Developer/Makefiles
# environment
VSCODE_CODE_CACHE_PATH = /Users/kbarbry/Library/Application Support/Code/CachedData/57fd6d0195bb9b9d1b49f6da5db789060795de47
# environment
LOGNAME = kbarbry
# environment
APPLICATION_INSIGHTS_NO_DIAGNOSTIC_CHANNEL = true
# environment
ZSH = /Users/kbarbry/.oh-my-zsh
# environment
VSCODE_HANDLES_UNCAUGHT_ERRORS = true
# automatic
^D = $(patsubst %/,%,$(dir $^))
# environment
XPC_FLAGS = 0x0
# default
MAKE = $(MAKE_COMMAND)
# default
MAKECMDGOALS := all
# environment
HOMEBREW_CACHE = /tmp/kbarbry/Homebrew/Caches
# environment
SHLVL = 1
# makefile (from `Makefile', line 14)
CC = c++
# default
MAKE_VERSION := 3.81
# environment
USER = kbarbry
# makefile
.DEFAULT_GOAL := all
# makefile (from `Makefile', line 17)
NAME = ft_containers
# environment
LESS = -R
# automatic
%D = $(patsubst %/,%,$(dir $%))
# makefile (from `Makefile', line 16)
FLAGS_H = -Iinc/
# default
MAKE_COMMAND := /Applications/Xcode.app/Contents/Developer/usr/bin/make
# default
.VARIABLES := 
# environment
TMPDIR = /var/folders/zz/zyxvpxvq6csfxvn_n000bgph002vxm/T/
# automatic
*F = $(notdir $*)
# environment
VSCODE_IPC_HOOK = /Users/kbarbry/Library/Application Support/Code/1.67.0-main.sock
# makefile (from `Makefile', line 6)
RED = \033[0;31m
# makefile
MAKEFLAGS = sRrqp
# environment
MFLAGS = -sRrqp
# automatic
*D = $(patsubst %/,%,$(dir $*))
# environment
XPC_SERVICE_NAME = com.microsoft.VSCode.1276
# automatic
+D = $(patsubst %/,%,$(dir $+))
# automatic
+F = $(notdir $+)
# environment
__CF_USER_TEXT_ENCODING = 0x16FB4:0x0:0x1
# default
MAKEFILES := 
# automatic
<F = $(notdir $<)
# environment
PAGER = less
# environment
LC_ALL = C
# makefile (from `Makefile', line 10)
HEADER = $(shell find ./inc -type f -name "*.hpp" | cut -c 3-)
# automatic
^F = $(notdir $^)
# default
SUFFIXES := 
# makefile (from `Makefile', line 15)
FLAGS = -Wall -Werror -Wextra -std=c++98
# default
.INCLUDE_DIRS = /usr/local/include
# environment
MAKELEVEL := 0
# makefile (from `Makefile', line 3)
BRED = \033[1;31m
# environment
LANG = C
# environment
VSCODE_PID = 27774
# variable set hash-table stats:
# Load=82/1024=8%, Rehash=0, Collisions=4/117=3%

# Pattern-specific Variable Values

# No pattern-specific variable values.

# Directories

# . (device 16777229, inode 1618147): 8 files, no impossibilities.

# 8 files, no impossibilities in 1 directories.

# Implicit Rules

%.o: %.cpp inc/ft_containers.hpp inc/iterator_utils.hpp inc/map.hpp inc/pair.hpp inc/reverse_iterator.hpp inc/stack.hpp inc/utils.hpp inc/vector.hpp inc/vector_iterator.hpp
#  commands to execute (from `Makefile', line 36):
	${CC} ${FLAGS} ${FLAGS_H} -c $< -o $@
	echo "${BBLU}[${NAME} OBJ] :${RST} $@ ${BGREEN}\033[47G[✔]${RST}"
	

# 1 implicit rules, 0 (0.0%) terminal.

# Files

all: ft_containers
#  Phony target (prerequisite of .PHONY).
#  Command-line target.
#  Implicit rule search has not been done.
#  File does not exist.
#  File has been updated.
#  Needs to be updated (-q is set).
# variable set hash-table stats:
# Load=0/32=0%, Rehash=0, Collisions=0/2=0%

.PHONY: all print_header clean fclean re
#  Implicit rule search has not been done.
#  Modification time never checked.
#  File has not been updated.

# Not a target:
src/main.o:
#  Implicit rule search has not been done.
#  Modification time never checked.
#  File has not been updated.

# Not a target:
.SUFFIXES:
#  Implicit rule search has not been done.
#  Modification time never checked.
#  File has not been updated.

# Not a target:
Makefile:
#  Implicit rule search has been done.
#  Last modified 2022-06-10 12:16:44
#  File has been updated.
#  Successfully updated.
# variable set hash-table stats:
# Load=0/32=0%, Rehash=0, Collisions=0/0=0%

test: all
#  Implicit rule search has not been done.
#  Modification time never checked.
#  File has not been updated.
#  commands to execute (from `Makefile', line 44):
	./${NAME}
	

fclean: clean
#  Phony target (prerequisite of .PHONY).
#  Implicit rule search has not been done.
#  File does not exist.
#  File has not been updated.
#  commands to execute (from `Makefile', line 52):
	rm -f ${NAME}
	echo "${RED}[FCLEAN] :${RST} Deleting executable...${BGREEN}\033[47G[✔]${RST}"
	

print_header:
#  Phony target (prerequisite of .PHONY).
#  Implicit rule search has not been done.
#  Implicit/static pattern stem: `'
#  File does not exist.
#  File has been updated.
#  Needs to be updated (-q is set).
# automatic
# @ := print_header
# automatic
# % := 
# automatic
# * := 
# automatic
# + := 
# automatic
# | := 
# automatic
# < := 
# automatic
# ^ := 
# automatic
# ? := 
# variable set hash-table stats:
# Load=8/32=25%, Rehash=0, Collisions=1/10=10%
#  commands to execute (from `Makefile', line 23):
	echo "\033[1;34m\033[5G========================================================================================================"
	echo "\033[1;34m\033[5G"
	echo "\033[1;34m\033[5G███████╗████████╗      ██████╗ ██████╗ ███╗   ██╗████████╗ █████╗ ██╗███╗   ██╗███████╗██████╗ ███████╗"
	echo "\033[1;34m\033[5G██╔════╝╚══██╔══╝     ██╔════╝██╔═══██╗████╗  ██║╚══██╔══╝██╔══██╗██║████╗  ██║██╔════╝██╔══██╗██╔════╝"
	echo "\033[1;34m\033[5G█████╗     ██║        ██║     ██║   ██║██╔██╗ ██║   ██║   ███████║██║██╔██╗ ██║█████╗  ██████╔╝███████╗"
	echo "\033[1;34m\033[5G██╔══╝     ██║        ██║     ██║   ██║██║╚██╗██║   ██║   ██╔══██║██║██║╚██╗██║██╔══╝  ██╔══██╗╚════██║"
 
	echo "\033[1;34m\033[5G██║        ██║███████╗╚██████╗╚██████╔╝██║ ╚████║   ██║   ██║  ██║██║██║ ╚████║███████╗██║  ██║███████║"
	echo "\033[1;34m\033[5G╚═╝        ╚═╝╚══════╝ ╚═════╝ ╚═════╝ ╚═╝  ╚═══╝   ╚═╝   ╚═╝  ╚═╝╚═╝╚═╝  ╚═══╝╚══════╝╚═╝  ╚═╝╚══════╝"
	echo "\033[1;34m\033[5G"
	echo "\033[1;34m\033[5G=======================================> By kbarbry ft tjolivea <======================================="
	

.SILENT:
#  Implicit rule search has not been done.
#  Modification time never checked.
#  File has not been updated.

# Not a target:
.DEFAULT:
#  Implicit rule search has not been done.
#  Modification time never checked.
#  File has not been updated.

ft_containers: print_header src/main.o
#  Implicit rule search has not been done.
#  File does not exist.
#  File has been updated.
#  Needs to be updated (-q is set).
# variable set hash-table stats:
# Load=0/32=0%, Rehash=0, Collisions=0/2=0%
#  commands to execute (from `Makefile', line 40):
	${CC} ${FLAGS} ${FLAGS_H} ${OBJ} -o ${NAME}
	echo "${BGREEN}[${NAME} END] :${RST}${RST} ./${NAME} ${BGREEN}\033[47G[✔]${RST}"
	

re: fclean all
#  Phony target (prerequisite of .PHONY).
#  Implicit rule search has not been done.
#  File does not exist.
#  File has not been updated.

clean:
#  Phony target (prerequisite of .PHONY).
#  Implicit rule search has not been done.
#  File does not exist.
#  File has not been updated.
#  commands to execute (from `Makefile', line 47):
	rm -f ${OBJ}
	echo "${RED}[CLEAN]  :${RST} Deleting objects...${BGREEN}\033[47G[✔]${RST}"
	

# files hash-table stats:
# Load=13/1024=1%, Rehash=0, Collisions=0/43=0%
# VPATH Search Paths

# No `vpath' search paths.

# No general (`VPATH' variable) search path.

# # of strings in strcache: 1
# # of strcache buffers: 1
# strcache size: total = 4096 / max = 4096 / min = 4096 / avg = 4096
# strcache free: total = 4087 / max = 4087 / min = 4087 / avg = 4087

# Finished Make data base on Fri Jun 10 12:16:44 2022

 
